----------------------------------------------------------------
<<<<<<< HEAD
Mon Feb 06 18:45:56 UTC 2017:
Booting Derby version The Apache Software Foundation - Apache Derby - 10.12.1.1 - (1704137): instance a816c00e-015a-14bf-25a2-00000f050d40 
on database directory /vagrant/Jupyter Notebooks/alexmarion/metastore_db with class loader org.apache.spark.sql.hive.client.IsolatedClientLoader$$anon$1@35df223b 
Loaded from file:/opt/spark-2.1.0-bin-hadoop2.7/jars/derby-10.12.1.1.jar
java.vendor=Oracle Corporation
java.runtime.version=1.8.0_121-b13
=======
Mon Jan 30 19:07:54 UTC 2017:
Booting Derby version The Apache Software Foundation - Apache Derby - 10.12.1.1 - (1704137): instance a816c00e-0159-f0c6-c149-00000513da78 
on database directory /vagrant/Jupyter Notebooks/alexmarion/metastore_db with class loader org.apache.spark.sql.hive.client.IsolatedClientLoader$$anon$1@a7a4ba1 
Loaded from file:/opt/spark-2.1.0-bin-hadoop2.7/jars/derby-10.12.1.1.jar
java.vendor=Oracle Corporation
java.runtime.version=1.8.0_111-b14
>>>>>>> 01c80e43d4513e118117d4018b35f1b328615f58
user.dir=/vagrant/Jupyter Notebooks/alexmarion
os.name=Linux
os.arch=amd64
os.version=3.13.0-106-generic
derby.system.home=null
Database Class Loader started - derby.database.classpath=''
